# JRE version: OpenJDK Runtime Environment (7.0_79-b14) (build 1.7.0_79-b14)
# Java VM: OpenJDK Server VM (24.79-b02 mixed mode linux-x86 )
Heap
 PSYoungGen      total 519424K, used 373888K [0x93240000, 0xb3240000, 0xb3240000)
  eden space 514560K, 72% used [0x93240000,0xa9eba430,0xb28c0000)
  from space 4864K, 13% used [0xb28c0000,0xb2965c88,0xb2d80000)
  to   space 4608K, 0% used [0xb2dc0000,0xb2dc0000,0xb3240000)
 ParOldGen       total 988160K, used 127778K [0x53240000, 0x8f740000, 0x93240000)
  object space 988160K, 12% used [0x53240000,0x5af08bf8,0x8f740000)
 PSPermGen       total 19712K, used 19181K [0x4b240000, 0x4c580000, 0x53240000)
  object space 19712K, 97% used [0x4b240000,0x4c4fb640,0x4c580000)
GC Heap History (10 events):
Event: 2274.875 GC heap before
{Heap before GC invocations=709 (full 30):
 PSYoungGen      total 522496K, used 520704K [0x93240000, 0xb3240000, 0xb3240000)
  eden space 520704K, 100% used [0x93240000,0xb2ec0000,0xb2ec0000)
  from space 1792K, 0% used [0xb2ec0000,0xb2ec0000,0xb3080000)
  to   space 1792K, 0% used [0xb3080000,0xb3080000,0xb3240000)
 ParOldGen       total 988160K, used 142527K [0x53240000, 0x8f740000, 0x93240000)
  object space 988160K, 14% used [0x53240000,0x5bd6ff28,0x8f740000)
 PSPermGen       total 19712K, used 19144K [0x4b240000, 0x4c580000, 0x53240000)
  object space 19712K, 97% used [0x4b240000,0x4c4f2130,0x4c580000)
Event: 2274.879 GC heap after
Heap after GC invocations=709 (full 30):
 PSYoungGen      total 521984K, used 647K [0x93240000, 0xb3240000, 0xb3240000)
  eden space 520192K, 0% used [0x93240000,0x93240000,0xb2e40000)
  from space 1792K, 36% used [0xb3080000,0xb3121c88,0xb3240000)
  to   space 2048K, 0% used [0xb2e40000,0xb2e40000,0xb3040000)
 ParOldGen       total 988160K, used 142527K [0x53240000, 0x8f740000, 0x93240000)
  object space 988160K, 14% used [0x53240000,0x5bd6ff28,0x8f740000)
 PSPermGen       total 19712K, used 19144K [0x4b240000, 0x4c580000, 0x53240000)
  object space 19712K, 97% used [0x4b240000,0x4c4f2130,0x4c580000)
}
Event: 2290.400 GC heap before
{Heap before GC invocations=710 (full 30):
 PSYoungGen      total 521984K, used 520839K [0x93240000, 0xb3240000, 0xb3240000)
  eden space 520192K, 100% used [0x93240000,0xb2e40000,0xb2e40000)
  from space 1792K, 36% used [0xb3080000,0xb3121c88,0xb3240000)
  to   space 2048K, 0% used [0xb2e40000,0xb2e40000,0xb3040000)
 ParOldGen       total 988160K, used 142527K [0x53240000, 0x8f740000, 0x93240000)
  object space 988160K, 14% used [0x53240000,0x5bd6ff28,0x8f740000)
 PSPermGen       total 19712K, used 19149K [0x4b240000, 0x4c580000, 0x53240000)
  object space 19712K, 97% used [0x4b240000,0x4c4f36f0,0x4c580000)
Event: 2290.403 GC heap after
Heap after GC invocations=710 (full 30):
 PSYoungGen      total 522240K, used 2041K [0x93240000, 0xb3240000, 0xb3240000)
  eden space 520192K, 0% used [0x93240000,0x93240000,0xb2e40000)
  from space 2048K, 99% used [0xb2e40000,0xb303e6a0,0xb3040000)
  to   space 2048K, 0% used [0xb3040000,0xb3040000,0xb3240000)
 ParOldGen       total 988160K, used 147444K [0x53240000, 0x8f740000, 0x93240000)
  object space 988160K, 14% used [0x53240000,0x5c23d100,0x8f740000)
 PSPermGen       total 19712K, used 19149K [0x4b240000, 0x4c580000, 0x53240000)
  object space 19712K, 97% used [0x4b240000,0x4c4f36f0,0x4c580000)
}
Event: 2295.111 GC heap before
{Heap before GC invocations=711 (full 30):
 PSYoungGen      total 522240K, used 97805K [0x93240000, 0xb3240000, 0xb3240000)
  eden space 520192K, 18% used [0x93240000,0x98fc4ea0,0xb2e40000)
  from space 2048K, 99% used [0xb2e40000,0xb303e6a0,0xb3040000)
  to   space 2048K, 0% used [0xb3040000,0xb3040000,0xb3240000)
 ParOldGen       total 988160K, used 147444K [0x53240000, 0x8f740000, 0x93240000)
  object space 988160K, 14% used [0x53240000,0x5c23d100,0x8f740000)
 PSPermGen       total 19712K, used 19153K [0x4b240000, 0x4c580000, 0x53240000)
  object space 19712K, 97% used [0x4b240000,0x4c4f46d8,0x4c580000)
Event: 2295.117 GC heap after
Heap after GC invocations=711 (full 30):
 PSYoungGen      total 516608K, used 2042K [0x93240000, 0xb3240000, 0xb3240000)
  eden space 514560K, 0% used [0x93240000,0x93240000,0xb28c0000)
  from space 2048K, 99% used [0xb3040000,0xb323e930,0xb3240000)
  to   space 4864K, 0% used [0xb28c0000,0xb28c0000,0xb2d80000)
 ParOldGen       total 988160K, used 149051K [0x53240000, 0x8f740000, 0x93240000)
  object space 988160K, 15% used [0x53240000,0x5c3cede0,0x8f740000)
 PSPermGen       total 19712K, used 19153K [0x4b240000, 0x4c580000, 0x53240000)
  object space 19712K, 97% used [0x4b240000,0x4c4f46d8,0x4c580000)
}
Event: 2295.118 GC heap before
{Heap before GC invocations=712 (full 31):
 PSYoungGen      total 516608K, used 2042K [0x93240000, 0xb3240000, 0xb3240000)
  eden space 514560K, 0% used [0x93240000,0x93240000,0xb28c0000)
  from space 2048K, 99% used [0xb3040000,0xb323e930,0xb3240000)
  to   space 4864K, 0% used [0xb28c0000,0xb28c0000,0xb2d80000)
 ParOldGen       total 988160K, used 149051K [0x53240000, 0x8f740000, 0x93240000)
  object space 988160K, 15% used [0x53240000,0x5c3cede0,0x8f740000)
 PSPermGen       total 19712K, used 19153K [0x4b240000, 0x4c580000, 0x53240000)
  object space 19712K, 97% used [0x4b240000,0x4c4f46d8,0x4c580000)
Event: 2295.628 GC heap after
Heap after GC invocations=712 (full 31):
 PSYoungGen      total 516608K, used 0K [0x93240000, 0xb3240000, 0xb3240000)
  eden space 514560K, 0% used [0x93240000,0x93240000,0xb28c0000)
  from space 2048K, 0% used [0xb3040000,0xb3040000,0xb3240000)
  to   space 4864K, 0% used [0xb28c0000,0xb28c0000,0xb2d80000)
 ParOldGen       total 988160K, used 127778K [0x53240000, 0x8f740000, 0x93240000)
  object space 988160K, 12% used [0x53240000,0x5af08bf8,0x8f740000)
 PSPermGen       total 19712K, used 19153K [0x4b240000, 0x4c580000, 0x53240000)
  object space 19712K, 97% used [0x4b240000,0x4c4f4678,0x4c580000)
}
Event: 2299.025 GC heap before
{Heap before GC invocations=713 (full 31):
 PSYoungGen      total 516608K, used 514560K [0x93240000, 0xb3240000, 0xb3240000)
  eden space 514560K, 100% used [0x93240000,0xb28c0000,0xb28c0000)
  from space 2048K, 0% used [0xb3040000,0xb3040000,0xb3240000)
  to   space 4864K, 0% used [0xb28c0000,0xb28c0000,0xb2d80000)
 ParOldGen       total 988160K, used 127778K [0x53240000, 0x8f740000, 0x93240000)
  object space 988160K, 12% used [0x53240000,0x5af08bf8,0x8f740000)
 PSPermGen       total 19712K, used 19157K [0x4b240000, 0x4c580000, 0x53240000)
  object space 19712K, 97% used [0x4b240000,0x4c4f5440,0x4c580000)
Event: 2299.029 GC heap after
Heap after GC invocations=713 (full 31):
 PSYoungGen      total 519424K, used 663K [0x93240000, 0xb3240000, 0xb3240000)
  eden space 514560K, 0% used [0x93240000,0x93240000,0xb28c0000)
  from space 4864K, 13% used [0xb28c0000,0xb2965c88,0xb2d80000)
  to   space 4608K, 0% used [0xb2dc0000,0xb2dc0000,0xb3240000)
 ParOldGen       total 988160K, used 127778K [0x53240000, 0x8f740000, 0x93240000)
  object space 988160K, 12% used [0x53240000,0x5af08bf8,0x8f740000)
 PSPermGen       total 19712K, used 19157K [0x4b240000, 0x4c580000, 0x53240000)
  object space 19712K, 97% used [0x4b240000,0x4c4f5440,0x4c580000)
}

