# JRE version: OpenJDK Runtime Environment (7.0_79-b14) (build 1.7.0_79-b14)
# Java VM: OpenJDK Server VM (24.79-b02 mixed mode linux-x86 )
Heap
 PSYoungGen      total 173568K, used 33534K [0xa8780000, 0xb3240000, 0xb3240000)
  eden space 172288K, 18% used [0xa8780000,0xaa731a88,0xb2fc0000)
  from space 1280K, 84% used [0xb3100000,0xb320de38,0xb3240000)
  to   space 1280K, 0% used [0xb2fc0000,0xb2fc0000,0xb3100000)
 ParOldGen       total 251392K, used 202435K [0x93240000, 0xa27c0000, 0xa8780000)
  object space 251392K, 80% used [0x93240000,0x9f7f0db8,0xa27c0000)
 PSPermGen       total 23808K, used 19951K [0x8b240000, 0x8c980000, 0x93240000)
  object space 23808K, 83% used [0x8b240000,0x8c5bbfd0,0x8c980000)
GC Heap History (10 events):
Event: 12045.564 GC heap before
{Heap before GC invocations=610 (full 16):
 PSYoungGen      total 173312K, used 171746K [0xa8780000, 0xb3240000, 0xb3240000)
  eden space 172032K, 99% used [0xa8780000,0xb2e80cb8,0xb2f80000)
  from space 1280K, 57% used [0xb2f80000,0xb3037ca0,0xb30c0000)
  to   space 1280K, 0% used [0xb3100000,0xb3100000,0xb3240000)
 ParOldGen       total 251392K, used 197516K [0x93240000, 0xa27c0000, 0xa8780000)
  object space 251392K, 78% used [0x93240000,0x9f3230f8,0xa27c0000)
 PSPermGen       total 23808K, used 19951K [0x8b240000, 0x8c980000, 0x93240000)
  object space 23808K, 83% used [0x8b240000,0x8c5bbfd0,0x8c980000)
Event: 12045.579 GC heap after
Heap after GC invocations=610 (full 16):
 PSYoungGen      total 173568K, used 895K [0xa8780000, 0xb3240000, 0xb3240000)
  eden space 172288K, 0% used [0xa8780000,0xa8780000,0xb2fc0000)
  from space 1280K, 69% used [0xb3100000,0xb31dfdb0,0xb3240000)
  to   space 1280K, 0% used [0xb2fc0000,0xb2fc0000,0xb3100000)
 ParOldGen       total 251392K, used 198168K [0x93240000, 0xa27c0000, 0xa8780000)
  object space 251392K, 78% used [0x93240000,0x9f3c6248,0xa27c0000)
 PSPermGen       total 23808K, used 19951K [0x8b240000, 0x8c980000, 0x93240000)
  object space 23808K, 83% used [0x8b240000,0x8c5bbfd0,0x8c980000)
}
Event: 12046.368 GC heap before
{Heap before GC invocations=611 (full 16):
 PSYoungGen      total 173568K, used 173136K [0xa8780000, 0xb3240000, 0xb3240000)
  eden space 172288K, 99% used [0xa8780000,0xb2fb45b0,0xb2fc0000)
  from space 1280K, 69% used [0xb3100000,0xb31dfdb0,0xb3240000)
  to   space 1280K, 0% used [0xb2fc0000,0xb2fc0000,0xb3100000)
 ParOldGen       total 251392K, used 198168K [0x93240000, 0xa27c0000, 0xa8780000)
  object space 251392K, 78% used [0x93240000,0x9f3c6248,0xa27c0000)
 PSPermGen       total 23808K, used 19951K [0x8b240000, 0x8c980000, 0x93240000)
  object space 23808K, 83% used [0x8b240000,0x8c5bbfd0,0x8c980000)
Event: 12046.380 GC heap after
Heap after GC invocations=611 (full 16):
 PSYoungGen      total 173568K, used 742K [0xa8780000, 0xb3240000, 0xb3240000)
  eden space 172288K, 0% used [0xa8780000,0xa8780000,0xb2fc0000)
  from space 1280K, 58% used [0xb2fc0000,0xb3079b58,0xb3100000)
  to   space 1280K, 0% used [0xb3100000,0xb3100000,0xb3240000)
 ParOldGen       total 251392K, used 198988K [0x93240000, 0xa27c0000, 0xa8780000)
  object space 251392K, 79% used [0x93240000,0x9f493398,0xa27c0000)
 PSPermGen       total 23808K, used 19951K [0x8b240000, 0x8c980000, 0x93240000)
  object space 23808K, 83% used [0x8b240000,0x8c5bbfd0,0x8c980000)
}
Event: 12047.381 GC heap before
{Heap before GC invocations=612 (full 16):
 PSYoungGen      total 173568K, used 173030K [0xa8780000, 0xb3240000, 0xb3240000)
  eden space 172288K, 100% used [0xa8780000,0xb2fc0000,0xb2fc0000)
  from space 1280K, 58% used [0xb2fc0000,0xb3079b58,0xb3100000)
  to   space 1280K, 0% used [0xb3100000,0xb3100000,0xb3240000)
 ParOldGen       total 251392K, used 198988K [0x93240000, 0xa27c0000, 0xa8780000)
  object space 251392K, 79% used [0x93240000,0x9f493398,0xa27c0000)
 PSPermGen       total 23808K, used 19951K [0x8b240000, 0x8c980000, 0x93240000)
  object space 23808K, 83% used [0x8b240000,0x8c5bbfd0,0x8c980000)
Event: 12047.390 GC heap after
Heap after GC invocations=612 (full 16):
 PSYoungGen      total 173568K, used 895K [0xa8780000, 0xb3240000, 0xb3240000)
  eden space 172288K, 0% used [0xa8780000,0xa8780000,0xb2fc0000)
  from space 1280K, 69% used [0xb3100000,0xb31dffc8,0xb3240000)
  to   space 1280K, 0% used [0xb2fc0000,0xb2fc0000,0xb3100000)
 ParOldGen       total 251392K, used 199661K [0x93240000, 0xa27c0000, 0xa8780000)
  object space 251392K, 79% used [0x93240000,0x9f53b4e8,0xa27c0000)
 PSPermGen       total 23808K, used 19951K [0x8b240000, 0x8c980000, 0x93240000)
  object space 23808K, 83% used [0x8b240000,0x8c5bbfd0,0x8c980000)
}
Event: 12048.273 GC heap before
{Heap before GC invocations=613 (full 16):
 PSYoungGen      total 173568K, used 172379K [0xa8780000, 0xb3240000, 0xb3240000)
  eden space 172288K, 99% used [0xa8780000,0xb2ef6c90,0xb2fc0000)
  from space 1280K, 69% used [0xb3100000,0xb31dffc8,0xb3240000)
  to   space 1280K, 0% used [0xb2fc0000,0xb2fc0000,0xb3100000)
 ParOldGen       total 251392K, used 199661K [0x93240000, 0xa27c0000, 0xa8780000)
  object space 251392K, 79% used [0x93240000,0x9f53b4e8,0xa27c0000)
 PSPermGen       total 23808K, used 19951K [0x8b240000, 0x8c980000, 0x93240000)
  object space 23808K, 83% used [0x8b240000,0x8c5bbfd0,0x8c980000)
Event: 12048.282 GC heap after
Heap after GC invocations=613 (full 16):
 PSYoungGen      total 173568K, used 784K [0xa8780000, 0xb3240000, 0xb3240000)
  eden space 172288K, 0% used [0xa8780000,0xa8780000,0xb2fc0000)
  from space 1280K, 61% used [0xb2fc0000,0xb30840e0,0xb3100000)
  to   space 1280K, 0% used [0xb3100000,0xb3100000,0xb3240000)
 ParOldGen       total 251392K, used 200465K [0x93240000, 0xa27c0000, 0xa8780000)
  object space 251392K, 79% used [0x93240000,0x9f604638,0xa27c0000)
 PSPermGen       total 23808K, used 19951K [0x8b240000, 0x8c980000, 0x93240000)
  object space 23808K, 83% used [0x8b240000,0x8c5bbfd0,0x8c980000)
}
Event: 12049.990 GC heap before
{Heap before GC invocations=614 (full 16):
 PSYoungGen      total 173568K, used 171993K [0xa8780000, 0xb3240000, 0xb3240000)
  eden space 172288K, 99% used [0xa8780000,0xb2eb2588,0xb2fc0000)
  from space 1280K, 61% used [0xb2fc0000,0xb30840e0,0xb3100000)
  to   space 1280K, 0% used [0xb3100000,0xb3100000,0xb3240000)
 ParOldGen       total 251392K, used 201727K [0x93240000, 0xa27c0000, 0xa8780000)
  object space 251392K, 80% used [0x93240000,0x9f73fc68,0xa27c0000)
 PSPermGen       total 23808K, used 19951K [0x8b240000, 0x8c980000, 0x93240000)
  object space 23808K, 83% used [0x8b240000,0x8c5bbfd0,0x8c980000)
Event: 12050.011 GC heap after
Heap after GC invocations=614 (full 16):
 PSYoungGen      total 173568K, used 1079K [0xa8780000, 0xb3240000, 0xb3240000)
  eden space 172288K, 0% used [0xa8780000,0xa8780000,0xb2fc0000)
  from space 1280K, 84% used [0xb3100000,0xb320de38,0xb3240000)
  to   space 1280K, 0% used [0xb2fc0000,0xb2fc0000,0xb3100000)
 ParOldGen       total 251392K, used 202435K [0x93240000, 0xa27c0000, 0xa8780000)
  object space 251392K, 80% used [0x93240000,0x9f7f0db8,0xa27c0000)
 PSPermGen       total 23808K, used 19951K [0x8b240000, 0x8c980000, 0x93240000)
  object space 23808K, 83% used [0x8b240000,0x8c5bbfd0,0x8c980000)
}

