# JRE version: OpenJDK Runtime Environment (7.0_79-b14) (build 1.7.0_79-b14)
# Java VM: OpenJDK Server VM (24.79-b02 mixed mode linux-x86 )
Heap
 PSYoungGen      total 518144K, used 318818K [0x93340000, 0xb3340000, 0xb3340000)
  eden space 517632K, 61% used [0x93340000,0xa6a18dd0,0xb2cc0000)
  from space 512K, 99% used [0xb32c0000,0xb333fd28,0xb3340000)
  to   space 3328K, 0% used [0xb2cc0000,0xb2cc0000,0xb3000000)
 ParOldGen       total 1048576K, used 212221K [0x53340000, 0x93340000, 0x93340000)
  object space 1048576K, 20% used [0x53340000,0x6027f768,0x93340000)
 PSPermGen       total 19968K, used 19660K [0x4b340000, 0x4c6c0000, 0x53340000)
  object space 19968K, 98% used [0x4b340000,0x4c6733e8,0x4c6c0000)
GC Heap History (10 events):
Event: 1190.782 GC heap before
{Heap before GC invocations=8758 (full 348):
 PSYoungGen      total 523776K, used 523610K [0x93340000, 0xb3340000, 0xb3340000)
  eden space 523264K, 100% used [0x93340000,0xb3240000,0xb3240000)
  from space 512K, 67% used [0xb32c0000,0xb3316848,0xb3340000)
  to   space 512K, 0% used [0xb3240000,0xb3240000,0xb32c0000)
 ParOldGen       total 1048576K, used 349639K [0x53340000, 0x93340000, 0x93340000)
  object space 1048576K, 33% used [0x53340000,0x688b1ee8,0x93340000)
 PSPermGen       total 19712K, used 19549K [0x4b340000, 0x4c680000, 0x53340000)
  object space 19712K, 99% used [0x4b340000,0x4c657530,0x4c680000)
Event: 1190.785 GC heap after
Heap after GC invocations=8758 (full 348):
 PSYoungGen      total 523776K, used 435K [0x93340000, 0xb3340000, 0xb3340000)
  eden space 523264K, 0% used [0x93340000,0x93340000,0xb3240000)
  from space 512K, 85% used [0xb3240000,0xb32acfb8,0xb32c0000)
  to   space 512K, 0% used [0xb32c0000,0xb32c0000,0xb3340000)
 ParOldGen       total 1048576K, used 349639K [0x53340000, 0x93340000, 0x93340000)
  object space 1048576K, 33% used [0x53340000,0x688b1ee8,0x93340000)
 PSPermGen       total 19712K, used 19549K [0x4b340000, 0x4c680000, 0x53340000)
  object space 19712K, 99% used [0x4b340000,0x4c657530,0x4c680000)
}
Event: 1205.969 GC heap before
{Heap before GC invocations=8759 (full 348):
 PSYoungGen      total 523776K, used 523699K [0x93340000, 0xb3340000, 0xb3340000)
  eden space 523264K, 100% used [0x93340000,0xb3240000,0xb3240000)
  from space 512K, 85% used [0xb3240000,0xb32acfb8,0xb32c0000)
  to   space 512K, 0% used [0xb32c0000,0xb32c0000,0xb3340000)
 ParOldGen       total 1048576K, used 349639K [0x53340000, 0x93340000, 0x93340000)
  object space 1048576K, 33% used [0x53340000,0x688b1ee8,0x93340000)
 PSPermGen       total 19712K, used 19638K [0x4b340000, 0x4c680000, 0x53340000)
  object space 19712K, 99% used [0x4b340000,0x4c66db08,0x4c680000)
Event: 1205.971 GC heap after
Heap after GC invocations=8759 (full 348):
 PSYoungGen      total 523776K, used 464K [0x93340000, 0xb3340000, 0xb3340000)
  eden space 523264K, 0% used [0x93340000,0x93340000,0xb3240000)
  from space 512K, 90% used [0xb32c0000,0xb3334178,0xb3340000)
  to   space 512K, 0% used [0xb3240000,0xb3240000,0xb32c0000)
 ParOldGen       total 1048576K, used 349639K [0x53340000, 0x93340000, 0x93340000)
  object space 1048576K, 33% used [0x53340000,0x688b1ee8,0x93340000)
 PSPermGen       total 19712K, used 19638K [0x4b340000, 0x4c680000, 0x53340000)
  object space 19712K, 99% used [0x4b340000,0x4c66db08,0x4c680000)
}
Event: 1230.970 GC heap before
{Heap before GC invocations=8760 (full 348):
 PSYoungGen      total 523776K, used 494999K [0x93340000, 0xb3340000, 0xb3340000)
  eden space 523264K, 94% used [0x93340000,0xb1631d00,0xb3240000)
  from space 512K, 90% used [0xb32c0000,0xb3334178,0xb3340000)
  to   space 512K, 0% used [0xb3240000,0xb3240000,0xb32c0000)
 ParOldGen       total 1048576K, used 349639K [0x53340000, 0x93340000, 0x93340000)
  object space 1048576K, 33% used [0x53340000,0x688b1ee8,0x93340000)
 PSPermGen       total 19712K, used 19651K [0x4b340000, 0x4c680000, 0x53340000)
  object space 19712K, 99% used [0x4b340000,0x4c670cd8,0x4c680000)
Event: 1230.974 GC heap after
Heap after GC invocations=8760 (full 348):
 PSYoungGen      total 523776K, used 502K [0x93340000, 0xb3340000, 0xb3340000)
  eden space 523264K, 0% used [0x93340000,0x93340000,0xb3240000)
  from space 512K, 98% used [0xb3240000,0xb32bd930,0xb32c0000)
  to   space 512K, 0% used [0xb32c0000,0xb32c0000,0xb3340000)
 ParOldGen       total 1048576K, used 357171K [0x53340000, 0x93340000, 0x93340000)
  object space 1048576K, 34% used [0x53340000,0x6900cf10,0x93340000)
 PSPermGen       total 19712K, used 19651K [0x4b340000, 0x4c680000, 0x53340000)
  object space 19712K, 99% used [0x4b340000,0x4c670cd8,0x4c680000)
}
Event: 1230.974 GC heap before
{Heap before GC invocations=8761 (full 349):
 PSYoungGen      total 523776K, used 502K [0x93340000, 0xb3340000, 0xb3340000)
  eden space 523264K, 0% used [0x93340000,0x93340000,0xb3240000)
  from space 512K, 98% used [0xb3240000,0xb32bd930,0xb32c0000)
  to   space 512K, 0% used [0xb32c0000,0xb32c0000,0xb3340000)
 ParOldGen       total 1048576K, used 357171K [0x53340000, 0x93340000, 0x93340000)
  object space 1048576K, 34% used [0x53340000,0x6900cf10,0x93340000)
 PSPermGen       total 19712K, used 19651K [0x4b340000, 0x4c680000, 0x53340000)
  object space 19712K, 99% used [0x4b340000,0x4c670cd8,0x4c680000)
Event: 1231.602 GC heap after
Heap after GC invocations=8761 (full 349):
 PSYoungGen      total 523776K, used 0K [0x93340000, 0xb3340000, 0xb3340000)
  eden space 523264K, 0% used [0x93340000,0x93340000,0xb3240000)
  from space 512K, 0% used [0xb3240000,0xb3240000,0xb32c0000)
  to   space 512K, 0% used [0xb32c0000,0xb32c0000,0xb3340000)
 ParOldGen       total 1048576K, used 212117K [0x53340000, 0x93340000, 0x93340000)
  object space 1048576K, 20% used [0x53340000,0x60265768,0x93340000)
 PSPermGen       total 19968K, used 19651K [0x4b340000, 0x4c6c0000, 0x53340000)
  object space 19968K, 98% used [0x4b340000,0x4c670c28,0x4c6c0000)
}
Event: 1235.466 GC heap before
{Heap before GC invocations=8762 (full 349):
 PSYoungGen      total 523776K, used 523264K [0x93340000, 0xb3340000, 0xb3340000)
  eden space 523264K, 100% used [0x93340000,0xb3240000,0xb3240000)
  from space 512K, 0% used [0xb3240000,0xb3240000,0xb32c0000)
  to   space 512K, 0% used [0xb32c0000,0xb32c0000,0xb3340000)
 ParOldGen       total 1048576K, used 212117K [0x53340000, 0x93340000, 0x93340000)
  object space 1048576K, 20% used [0x53340000,0x60265768,0x93340000)
 PSPermGen       total 19968K, used 19654K [0x4b340000, 0x4c6c0000, 0x53340000)
  object space 19968K, 98% used [0x4b340000,0x4c671878,0x4c6c0000)
Event: 1235.468 GC heap after
Heap after GC invocations=8762 (full 349):
 PSYoungGen      total 518144K, used 511K [0x93340000, 0xb3340000, 0xb3340000)
  eden space 517632K, 0% used [0x93340000,0x93340000,0xb2cc0000)
  from space 512K, 99% used [0xb32c0000,0xb333fd28,0xb3340000)
  to   space 3328K, 0% used [0xb2cc0000,0xb2cc0000,0xb3000000)
 ParOldGen       total 1048576K, used 212221K [0x53340000, 0x93340000, 0x93340000)
  object space 1048576K, 20% used [0x53340000,0x6027f768,0x93340000)
 PSPermGen       total 19968K, used 19654K [0x4b340000, 0x4c6c0000, 0x53340000)
  object space 19968K, 98% used [0x4b340000,0x4c671878,0x4c6c0000)
}

