# JRE version: OpenJDK Runtime Environment (7.0_79-b14) (build 1.7.0_79-b14)
# Java VM: OpenJDK Server VM (24.79-b02 mixed mode linux-x86 )
Heap
 PSYoungGen      total 417280K, used 31343K [0x93300000, 0xb1000000, 0xb3300000)
  eden space 353280K, 8% used [0x93300000,0x94fdd9e8,0xa8c00000)
  from space 64000K, 2% used [0xad180000,0xad33e520,0xb1000000)
  to   space 67584K, 0% used [0xa8c00000,0xa8c00000,0xace00000)
 ParOldGen       total 470784K, used 403696K [0x53300000, 0x6fec0000, 0x93300000)
  object space 470784K, 85% used [0x53300000,0x6bd3c020,0x6fec0000)
 PSPermGen       total 20736K, used 19894K [0x4b300000, 0x4c740000, 0x53300000)
  object space 20736K, 95% used [0x4b300000,0x4c66d970,0x4c740000)
GC Heap History (10 events):
Event: 23708.258 GC heap before
{Heap before GC invocations=4265 (full 25):
 PSYoungGen      total 415488K, used 339200K [0x93300000, 0xb1340000, 0xb3300000)
  eden space 339200K, 100% used [0x93300000,0xa7e40000,0xa7e40000)
  from space 76288K, 0% used [0xa7e40000,0xa7e40000,0xac8c0000)
  to   space 76288K, 0% used [0xac8c0000,0xac8c0000,0xb1340000)
 ParOldGen       total 470784K, used 403692K [0x53300000, 0x6fec0000, 0x93300000)
  object space 470784K, 85% used [0x53300000,0x6bd3b020,0x6fec0000)
 PSPermGen       total 20736K, used 19877K [0x4b300000, 0x4c740000, 0x53300000)
  object space 20736K, 95% used [0x4b300000,0x4c669588,0x4c740000)
Event: 23708.263 GC heap after
Heap after GC invocations=4265 (full 25):
 PSYoungGen      total 416000K, used 434K [0x93300000, 0xb1d40000, 0xb3300000)
  eden space 339712K, 0% used [0x93300000,0x93300000,0xa7ec0000)
  from space 76288K, 0% used [0xac8c0000,0xac92c8d8,0xb1340000)
  to   space 75776K, 0% used [0xa7ec0000,0xa7ec0000,0xac8c0000)
 ParOldGen       total 470784K, used 403692K [0x53300000, 0x6fec0000, 0x93300000)
  object space 470784K, 85% used [0x53300000,0x6bd3b020,0x6fec0000)
 PSPermGen       total 20736K, used 19877K [0x4b300000, 0x4c740000, 0x53300000)
  object space 20736K, 95% used [0x4b300000,0x4c669588,0x4c740000)
}
Event: 23709.353 GC heap before
{Heap before GC invocations=4266 (full 25):
 PSYoungGen      total 416000K, used 340146K [0x93300000, 0xb1d40000, 0xb3300000)
  eden space 339712K, 100% used [0x93300000,0xa7ec0000,0xa7ec0000)
  from space 76288K, 0% used [0xac8c0000,0xac92c8d8,0xb1340000)
  to   space 75776K, 0% used [0xa7ec0000,0xa7ec0000,0xac8c0000)
 ParOldGen       total 470784K, used 403692K [0x53300000, 0x6fec0000, 0x93300000)
  object space 470784K, 85% used [0x53300000,0x6bd3b020,0x6fec0000)
 PSPermGen       total 20736K, used 19881K [0x4b300000, 0x4c740000, 0x53300000)
  object space 20736K, 95% used [0x4b300000,0x4c66a678,0x4c740000)
Event: 23709.358 GC heap after
Heap after GC invocations=4266 (full 25):
 PSYoungGen      total 415488K, used 1456K [0x93300000, 0xb19c0000, 0xb3300000)
  eden space 339712K, 0% used [0x93300000,0x93300000,0xa7ec0000)
  from space 75776K, 1% used [0xa7ec0000,0xa802c270,0xac8c0000)
  to   space 74240K, 0% used [0xad140000,0xad140000,0xb19c0000)
 ParOldGen       total 470784K, used 403696K [0x53300000, 0x6fec0000, 0x93300000)
  object space 470784K, 85% used [0x53300000,0x6bd3c020,0x6fec0000)
 PSPermGen       total 20736K, used 19881K [0x4b300000, 0x4c740000, 0x53300000)
  object space 20736K, 95% used [0x4b300000,0x4c66a678,0x4c740000)
}
Event: 26828.920 GC heap before
{Heap before GC invocations=4267 (full 25):
 PSYoungGen      total 415488K, used 44900K [0x93300000, 0xb19c0000, 0xb3300000)
  eden space 339712K, 12% used [0x93300000,0x95d6ce70,0xa7ec0000)
  from space 75776K, 1% used [0xa7ec0000,0xa802c270,0xac8c0000)
  to   space 74240K, 0% used [0xad140000,0xad140000,0xb19c0000)
 ParOldGen       total 470784K, used 403696K [0x53300000, 0x6fec0000, 0x93300000)
  object space 470784K, 85% used [0x53300000,0x6bd3c020,0x6fec0000)
 PSPermGen       total 20736K, used 19882K [0x4b300000, 0x4c740000, 0x53300000)
  object space 20736K, 95% used [0x4b300000,0x4c66ab28,0x4c740000)
Event: 26828.925 GC heap after
Heap after GC invocations=4267 (full 25):
 PSYoungGen      total 416000K, used 1507K [0x93300000, 0xb1400000, 0xb3300000)
  eden space 347648K, 0% used [0x93300000,0x93300000,0xa8680000)
  from space 68352K, 2% used [0xad140000,0xad2b8dc0,0xb1400000)
  to   space 72448K, 0% used [0xa8680000,0xa8680000,0xacd40000)
 ParOldGen       total 470784K, used 403696K [0x53300000, 0x6fec0000, 0x93300000)
  object space 470784K, 85% used [0x53300000,0x6bd3c020,0x6fec0000)
 PSPermGen       total 20736K, used 19882K [0x4b300000, 0x4c740000, 0x53300000)
  object space 20736K, 95% used [0x4b300000,0x4c66ab28,0x4c740000)
}
Event: 26831.254 GC heap before
{Heap before GC invocations=4268 (full 25):
 PSYoungGen      total 416000K, used 349155K [0x93300000, 0xb1400000, 0xb3300000)
  eden space 347648K, 100% used [0x93300000,0xa8680000,0xa8680000)
  from space 68352K, 2% used [0xad140000,0xad2b8dc0,0xb1400000)
  to   space 72448K, 0% used [0xa8680000,0xa8680000,0xacd40000)
 ParOldGen       total 470784K, used 403696K [0x53300000, 0x6fec0000, 0x93300000)
  object space 470784K, 85% used [0x53300000,0x6bd3c020,0x6fec0000)
 PSPermGen       total 20736K, used 19888K [0x4b300000, 0x4c740000, 0x53300000)
  object space 20736K, 95% used [0x4b300000,0x4c66c368,0x4c740000)
Event: 26831.257 GC heap after
Heap after GC invocations=4268 (full 25):
 PSYoungGen      total 420096K, used 1760K [0x93300000, 0xb1600000, 0xb3300000)
  eden space 347648K, 0% used [0x93300000,0x93300000,0xa8680000)
  from space 72448K, 2% used [0xa8680000,0xa8838060,0xacd40000)
  to   space 70144K, 0% used [0xad180000,0xad180000,0xb1600000)
 ParOldGen       total 470784K, used 403696K [0x53300000, 0x6fec0000, 0x93300000)
  object space 470784K, 85% used [0x53300000,0x6bd3c020,0x6fec0000)
 PSPermGen       total 20736K, used 19888K [0x4b300000, 0x4c740000, 0x53300000)
  object space 20736K, 95% used [0x4b300000,0x4c66c368,0x4c740000)
}
Event: 26832.296 GC heap before
{Heap before GC invocations=4269 (full 25):
 PSYoungGen      total 420096K, used 349408K [0x93300000, 0xb1600000, 0xb3300000)
  eden space 347648K, 100% used [0x93300000,0xa8680000,0xa8680000)
  from space 72448K, 2% used [0xa8680000,0xa8838060,0xacd40000)
  to   space 70144K, 0% used [0xad180000,0xad180000,0xb1600000)
 ParOldGen       total 470784K, used 403696K [0x53300000, 0x6fec0000, 0x93300000)
  object space 470784K, 85% used [0x53300000,0x6bd3c020,0x6fec0000)
 PSPermGen       total 20736K, used 19890K [0x4b300000, 0x4c740000, 0x53300000)
  object space 20736K, 95% used [0x4b300000,0x4c66ca08,0x4c740000)
Event: 26832.298 GC heap after
Heap after GC invocations=4269 (full 25):
 PSYoungGen      total 417280K, used 1785K [0x93300000, 0xb1000000, 0xb3300000)
  eden space 353280K, 0% used [0x93300000,0x93300000,0xa8c00000)
  from space 64000K, 2% used [0xad180000,0xad33e520,0xb1000000)
  to   space 67584K, 0% used [0xa8c00000,0xa8c00000,0xace00000)
 ParOldGen       total 470784K, used 403696K [0x53300000, 0x6fec0000, 0x93300000)
  object space 470784K, 85% used [0x53300000,0x6bd3c020,0x6fec0000)
 PSPermGen       total 20736K, used 19890K [0x4b300000, 0x4c740000, 0x53300000)
  object space 20736K, 95% used [0x4b300000,0x4c66ca08,0x4c740000)
}

