# JRE version: OpenJDK Runtime Environment (7.0_79-b14) (build 1.7.0_79-b14)
# Java VM: OpenJDK Server VM (24.79-b02 mixed mode linux-x86 )
Heap
 PSYoungGen      total 520960K, used 293921K [0x93240000, 0xb3200000, 0xb3240000)
  eden space 518400K, 56% used [0x93240000,0xa503a370,0xb2c80000)
  from space 2560K, 42% used [0xb2f80000,0xb308e350,0xb3200000)
  to   space 2816K, 0% used [0xb2c80000,0xb2c80000,0xb2f40000)
 ParOldGen       total 697088K, used 647435K [0x53240000, 0x7db00000, 0x93240000)
  object space 697088K, 92% used [0x53240000,0x7aa82c20,0x7db00000)
 PSPermGen       total 20224K, used 20133K [0x4b240000, 0x4c600000, 0x53240000)
  object space 20224K, 99% used [0x4b240000,0x4c5e9420,0x4c600000)
GC Heap History (10 events):
Event: 46072.014 GC heap before
{Heap before GC invocations=24458 (full 44):
 PSYoungGen      total 523264K, used 523259K [0x93240000, 0xb3240000, 0xb3240000)
  eden space 522240K, 100% used [0x93240000,0xb3040000,0xb3040000)
  from space 1024K, 99% used [0xb3040000,0xb313ec10,0xb3140000)
  to   space 1024K, 0% used [0xb3140000,0xb3140000,0xb3240000)
 ParOldGen       total 697088K, used 646935K [0x53240000, 0x7db00000, 0x93240000)
  object space 697088K, 92% used [0x53240000,0x7aa05ff0,0x7db00000)
 PSPermGen       total 20224K, used 20122K [0x4b240000, 0x4c600000, 0x53240000)
  object space 20224K, 99% used [0x4b240000,0x4c5e69b8,0x4c600000)
Event: 46072.018 GC heap after
Heap after GC invocations=24458 (full 44):
 PSYoungGen      total 518144K, used 1017K [0x93240000, 0xb3240000, 0xb3240000)
  eden space 517120K, 0% used [0x93240000,0x93240000,0xb2b40000)
  from space 1024K, 99% used [0xb3140000,0xb323e7c0,0xb3240000)
  to   space 3584K, 0% used [0xb2b40000,0xb2b40000,0xb2ec0000)
 ParOldGen       total 697088K, used 647435K [0x53240000, 0x7db00000, 0x93240000)
  object space 697088K, 92% used [0x53240000,0x7aa82c20,0x7db00000)
 PSPermGen       total 20224K, used 20122K [0x4b240000, 0x4c600000, 0x53240000)
  object space 20224K, 99% used [0x4b240000,0x4c5e69b8,0x4c600000)
}
Event: 46104.601 GC heap before
{Heap before GC invocations=24459 (full 44):
 PSYoungGen      total 518144K, used 518137K [0x93240000, 0xb3240000, 0xb3240000)
  eden space 517120K, 100% used [0x93240000,0xb2b40000,0xb2b40000)
  from space 1024K, 99% used [0xb3140000,0xb323e7c0,0xb3240000)
  to   space 3584K, 0% used [0xb2b40000,0xb2b40000,0xb2ec0000)
 ParOldGen       total 697088K, used 647435K [0x53240000, 0x7db00000, 0x93240000)
  object space 697088K, 92% used [0x53240000,0x7aa82c20,0x7db00000)
 PSPermGen       total 20224K, used 20122K [0x4b240000, 0x4c600000, 0x53240000)
  object space 20224K, 99% used [0x4b240000,0x4c5e69b8,0x4c600000)
Event: 46104.605 GC heap after
Heap after GC invocations=24459 (full 44):
 PSYoungGen      total 520704K, used 1080K [0x93240000, 0xb3240000, 0xb3240000)
  eden space 517120K, 0% used [0x93240000,0x93240000,0xb2b40000)
  from space 3584K, 30% used [0xb2b40000,0xb2c4e350,0xb2ec0000)
  to   space 3328K, 0% used [0xb2f00000,0xb2f00000,0xb3240000)
 ParOldGen       total 697088K, used 647435K [0x53240000, 0x7db00000, 0x93240000)
  object space 697088K, 92% used [0x53240000,0x7aa82c20,0x7db00000)
 PSPermGen       total 20224K, used 20122K [0x4b240000, 0x4c600000, 0x53240000)
  object space 20224K, 99% used [0x4b240000,0x4c5e69b8,0x4c600000)
}
Event: 46136.982 GC heap before
{Heap before GC invocations=24460 (full 44):
 PSYoungGen      total 520704K, used 518200K [0x93240000, 0xb3240000, 0xb3240000)
  eden space 517120K, 100% used [0x93240000,0xb2b40000,0xb2b40000)
  from space 3584K, 30% used [0xb2b40000,0xb2c4e350,0xb2ec0000)
  to   space 3328K, 0% used [0xb2f00000,0xb2f00000,0xb3240000)
 ParOldGen       total 697088K, used 647435K [0x53240000, 0x7db00000, 0x93240000)
  object space 697088K, 92% used [0x53240000,0x7aa82c20,0x7db00000)
 PSPermGen       total 20224K, used 20122K [0x4b240000, 0x4c600000, 0x53240000)
  object space 20224K, 99% used [0x4b240000,0x4c5e69b8,0x4c600000)
Event: 46136.985 GC heap after
Heap after GC invocations=24460 (full 44):
 PSYoungGen      total 519936K, used 1088K [0x93240000, 0xb3180000, 0xb3240000)
  eden space 517376K, 0% used [0x93240000,0x93240000,0xb2b80000)
  from space 2560K, 42% used [0xb2f00000,0xb3010360,0xb3180000)
  to   space 3072K, 0% used [0xb2b80000,0xb2b80000,0xb2e80000)
 ParOldGen       total 697088K, used 647435K [0x53240000, 0x7db00000, 0x93240000)
  object space 697088K, 92% used [0x53240000,0x7aa82c20,0x7db00000)
 PSPermGen       total 20224K, used 20122K [0x4b240000, 0x4c600000, 0x53240000)
  object space 20224K, 99% used [0x4b240000,0x4c5e69b8,0x4c600000)
}
Event: 46169.084 GC heap before
{Heap before GC invocations=24461 (full 44):
 PSYoungGen      total 519936K, used 518464K [0x93240000, 0xb3180000, 0xb3240000)
  eden space 517376K, 100% used [0x93240000,0xb2b80000,0xb2b80000)
  from space 2560K, 42% used [0xb2f00000,0xb3010360,0xb3180000)
  to   space 3072K, 0% used [0xb2b80000,0xb2b80000,0xb2e80000)
 ParOldGen       total 697088K, used 647435K [0x53240000, 0x7db00000, 0x93240000)
  object space 697088K, 92% used [0x53240000,0x7aa82c20,0x7db00000)
 PSPermGen       total 20224K, used 20122K [0x4b240000, 0x4c600000, 0x53240000)
  object space 20224K, 99% used [0x4b240000,0x4c5e69b8,0x4c600000)
Event: 46169.087 GC heap after
Heap after GC invocations=24461 (full 44):
 PSYoungGen      total 520448K, used 1088K [0x93240000, 0xb3240000, 0xb3240000)
  eden space 517376K, 0% used [0x93240000,0x93240000,0xb2b80000)
  from space 3072K, 35% used [0xb2b80000,0xb2c90360,0xb2e80000)
  to   space 2816K, 0% used [0xb2f80000,0xb2f80000,0xb3240000)
 ParOldGen       total 697088K, used 647435K [0x53240000, 0x7db00000, 0x93240000)
  object space 697088K, 92% used [0x53240000,0x7aa82c20,0x7db00000)
 PSPermGen       total 20224K, used 20122K [0x4b240000, 0x4c600000, 0x53240000)
  object space 20224K, 99% used [0x4b240000,0x4c5e69b8,0x4c600000)
}
Event: 46201.533 GC heap before
{Heap before GC invocations=24462 (full 44):
 PSYoungGen      total 520448K, used 518464K [0x93240000, 0xb3240000, 0xb3240000)
  eden space 517376K, 100% used [0x93240000,0xb2b80000,0xb2b80000)
  from space 3072K, 35% used [0xb2b80000,0xb2c90360,0xb2e80000)
  to   space 2816K, 0% used [0xb2f80000,0xb2f80000,0xb3240000)
 ParOldGen       total 697088K, used 647435K [0x53240000, 0x7db00000, 0x93240000)
  object space 697088K, 92% used [0x53240000,0x7aa82c20,0x7db00000)
 PSPermGen       total 20224K, used 20122K [0x4b240000, 0x4c600000, 0x53240000)
  object space 20224K, 99% used [0x4b240000,0x4c5e69b8,0x4c600000)
Event: 46201.539 GC heap after
Heap after GC invocations=24462 (full 44):
 PSYoungGen      total 520960K, used 1080K [0x93240000, 0xb3200000, 0xb3240000)
  eden space 518400K, 0% used [0x93240000,0x93240000,0xb2c80000)
  from space 2560K, 42% used [0xb2f80000,0xb308e350,0xb3200000)
  to   space 2816K, 0% used [0xb2c80000,0xb2c80000,0xb2f40000)
 ParOldGen       total 697088K, used 647435K [0x53240000, 0x7db00000, 0x93240000)
  object space 697088K, 92% used [0x53240000,0x7aa82c20,0x7db00000)
 PSPermGen       total 20224K, used 20122K [0x4b240000, 0x4c600000, 0x53240000)
  object space 20224K, 99% used [0x4b240000,0x4c5e69b8,0x4c600000)
}

